Started GET "/" for 127.0.0.1 at 2017-08-21 18:24:13 -0400
Processing by PagesController#index as HTML
  Rendering pages/index.html.erb within layouts/application
  Rendered pages/index.html.erb within layouts/application (3.3ms)
  Rendered layouts/_navbar.html.erb (2.0ms)
  Rendered layouts/_footer.html.erb (0.8ms)
Completed 200 OK in 1564ms (Views: 1357.8ms)


Started GET "/" for 127.0.0.1 at 2017-08-21 18:25:16 -0400
Processing by PagesController#index as HTML
  Rendering pages/index.html.erb within layouts/application
  Rendered pages/index.html.erb within layouts/application (0.5ms)
  Rendered layouts/_navbar.html.erb (1.8ms)
  Rendered layouts/_footer.html.erb (0.3ms)
Completed 200 OK in 2912ms (Views: 2910.2ms)


Started GET "/" for 127.0.0.1 at 2017-08-21 18:26:28 -0400
Processing by PagesController#index as HTML
  Rendering pages/index.html.erb within layouts/application
  Rendered pages/index.html.erb within layouts/application (0.7ms)
  Rendered layouts/_navbar.html.erb (1.6ms)
  Rendered layouts/_footer.html.erb (0.5ms)
Completed 200 OK in 120ms (Views: 116.4ms)


Started GET "/" for 127.0.0.1 at 2017-08-21 18:27:05 -0400
Processing by PagesController#index as HTML
  Rendering pages/index.html.erb within layouts/application
  Rendered pages/index.html.erb within layouts/application (0.4ms)
  Rendered layouts/_navbar.html.erb (0.9ms)
  Rendered layouts/_footer.html.erb (0.3ms)
Completed 200 OK in 1987ms (Views: 1984.4ms)


Started GET "/" for 127.0.0.1 at 2017-08-21 18:28:01 -0400
Processing by PagesController#index as HTML
  Rendering pages/index.html.erb within layouts/application
  Rendered pages/index.html.erb within layouts/application (0.5ms)
  Rendered layouts/_navbar.html.erb (1.9ms)
  Rendered layouts/_footer.html.erb (0.6ms)
Completed 200 OK in 123ms (Views: 121.8ms)


Started GET "/" for 127.0.0.1 at 2017-08-21 18:28:40 -0400
Processing by PagesController#index as HTML
  Rendering pages/index.html.erb within layouts/application
  Rendered pages/index.html.erb within layouts/application (0.5ms)
  Rendered layouts/_navbar.html.erb (1.6ms)
  Rendered layouts/_footer.html.erb (0.6ms)
Completed 200 OK in 132ms (Views: 129.6ms)


Started GET "/" for 127.0.0.1 at 2017-08-21 18:28:47 -0400
Processing by PagesController#index as HTML
  Rendering pages/index.html.erb within layouts/application
  Rendered pages/index.html.erb within layouts/application (0.4ms)
  Rendered layouts/_navbar.html.erb (2.1ms)
  Rendered layouts/_footer.html.erb (0.6ms)
Completed 200 OK in 123ms (Views: 120.0ms)


Started GET "/" for 127.0.0.1 at 2017-08-21 18:28:54 -0400
Processing by PagesController#index as HTML
  Rendering pages/index.html.erb within layouts/application
  Rendered pages/index.html.erb within layouts/application (0.4ms)
  Rendered layouts/_navbar.html.erb (1.7ms)
  Rendered layouts/_footer.html.erb (0.8ms)
Completed 200 OK in 121ms (Views: 118.9ms)


Started GET "/" for 127.0.0.1 at 2017-08-21 18:29:15 -0400
Processing by PagesController#index as HTML
  Rendering pages/index.html.erb within layouts/application
  Rendered pages/index.html.erb within layouts/application (0.5ms)
  Rendered layouts/_navbar.html.erb (2.1ms)
  Rendered layouts/_footer.html.erb (0.5ms)
Completed 200 OK in 129ms (Views: 126.9ms)


Started GET "/" for 127.0.0.1 at 2017-08-21 18:29:25 -0400
Processing by PagesController#index as HTML
  Rendering pages/index.html.erb within layouts/application
  Rendered pages/index.html.erb within layouts/application (0.3ms)
  Rendered layouts/_navbar.html.erb (1.3ms)
  Rendered layouts/_footer.html.erb (0.4ms)
Completed 200 OK in 118ms (Views: 116.6ms)


Started GET "/" for 127.0.0.1 at 2017-08-21 18:29:32 -0400
Processing by PagesController#index as HTML
  Rendering pages/index.html.erb within layouts/application
  Rendered pages/index.html.erb within layouts/application (0.4ms)
  Rendered layouts/_navbar.html.erb (1.6ms)
  Rendered layouts/_footer.html.erb (0.6ms)
Completed 200 OK in 134ms (Views: 131.3ms)


Started GET "/" for 127.0.0.1 at 2017-08-21 18:29:45 -0400
Processing by PagesController#index as HTML
  Rendering pages/index.html.erb within layouts/application
  Rendered pages/index.html.erb within layouts/application (0.3ms)
  Rendered layouts/_navbar.html.erb (1.5ms)
  Rendered layouts/_footer.html.erb (0.6ms)
Completed 200 OK in 120ms (Views: 117.8ms)


Started GET "/" for 127.0.0.1 at 2017-08-21 18:30:24 -0400
Processing by PagesController#index as HTML
  Rendering pages/index.html.erb within layouts/application
  Rendered pages/index.html.erb within layouts/application (0.4ms)
  Rendered layouts/_navbar.html.erb (1.3ms)
  Rendered layouts/_footer.html.erb (0.7ms)
Completed 200 OK in 112ms (Views: 109.5ms)


Started GET "/" for 127.0.0.1 at 2017-08-21 18:30:35 -0400
Processing by PagesController#index as HTML
  Rendering pages/index.html.erb within layouts/application
  Rendered pages/index.html.erb within layouts/application (0.4ms)
  Rendered layouts/_navbar.html.erb (1.8ms)
  Rendered layouts/_footer.html.erb (0.5ms)
Completed 200 OK in 133ms (Views: 130.6ms)


Started GET "/" for 127.0.0.1 at 2017-08-21 18:30:43 -0400
Processing by PagesController#index as HTML
  Rendering pages/index.html.erb within layouts/application
  Rendered pages/index.html.erb within layouts/application (0.7ms)
  Rendered layouts/_navbar.html.erb (1.7ms)
  Rendered layouts/_footer.html.erb (0.6ms)
Completed 200 OK in 120ms (Views: 118.2ms)


Started GET "/" for 127.0.0.1 at 2017-08-21 18:30:45 -0400
Processing by PagesController#index as HTML
  Rendering pages/index.html.erb within layouts/application
  Rendered pages/index.html.erb within layouts/application (0.6ms)
  Rendered layouts/_navbar.html.erb (1.5ms)
  Rendered layouts/_footer.html.erb (0.5ms)
Completed 200 OK in 121ms (Views: 118.7ms)


Started GET "/" for 127.0.0.1 at 2017-08-21 18:30:48 -0400
Processing by PagesController#index as HTML
  Rendering pages/index.html.erb within layouts/application
  Rendered pages/index.html.erb within layouts/application (0.4ms)
  Rendered layouts/_navbar.html.erb (1.9ms)
  Rendered layouts/_footer.html.erb (0.6ms)
Completed 200 OK in 122ms (Views: 119.6ms)


Started GET "/" for 127.0.0.1 at 2017-08-21 18:30:58 -0400
Processing by PagesController#index as HTML
  Rendering pages/index.html.erb within layouts/application
  Rendered pages/index.html.erb within layouts/application (0.4ms)
  Rendered layouts/_navbar.html.erb (1.6ms)
  Rendered layouts/_footer.html.erb (0.5ms)
Completed 200 OK in 124ms (Views: 121.4ms)


Started GET "/" for 127.0.0.1 at 2017-08-21 18:31:45 -0400
Processing by PagesController#index as HTML
  Rendering pages/index.html.erb within layouts/application
  Rendered pages/index.html.erb within layouts/application (0.4ms)
  Rendered layouts/_navbar.html.erb (1.2ms)
  Rendered layouts/_footer.html.erb (0.5ms)
Completed 200 OK in 119ms (Views: 117.7ms)


Started GET "/" for 127.0.0.1 at 2017-08-21 18:31:58 -0400
Processing by PagesController#index as HTML
  Rendering pages/index.html.erb within layouts/application
  Rendered pages/index.html.erb within layouts/application (0.4ms)
  Rendered layouts/_navbar.html.erb (1.8ms)
  Rendered layouts/_footer.html.erb (0.6ms)
Completed 200 OK in 117ms (Views: 115.6ms)


Started GET "/" for 127.0.0.1 at 2017-08-21 18:32:07 -0400
Processing by PagesController#index as HTML
  Rendering pages/index.html.erb within layouts/application
  Rendered pages/index.html.erb within layouts/application (0.7ms)
  Rendered layouts/_navbar.html.erb (2.3ms)
  Rendered layouts/_footer.html.erb (0.7ms)
Completed 200 OK in 116ms (Views: 114.3ms)


Started GET "/" for 127.0.0.1 at 2017-08-21 18:32:27 -0400
Processing by PagesController#index as HTML
  Rendering pages/index.html.erb within layouts/application
  Rendered pages/index.html.erb within layouts/application (0.4ms)
  Rendered layouts/_navbar.html.erb (2.1ms)
  Rendered layouts/_footer.html.erb (0.6ms)
Completed 200 OK in 120ms (Views: 116.7ms)


Started GET "/" for 127.0.0.1 at 2017-08-21 18:33:03 -0400
Processing by PagesController#index as HTML
  Rendering pages/index.html.erb within layouts/application
  Rendered pages/index.html.erb within layouts/application (0.6ms)
  Rendered layouts/_navbar.html.erb (1.7ms)
  Rendered layouts/_footer.html.erb (0.5ms)
Completed 200 OK in 156ms (Views: 153.4ms)


Started GET "/" for 127.0.0.1 at 2017-08-21 18:33:30 -0400
Processing by PagesController#index as HTML
  Rendering pages/index.html.erb within layouts/application
  Rendered pages/index.html.erb within layouts/application (0.3ms)
  Rendered layouts/_navbar.html.erb (1.6ms)
  Rendered layouts/_footer.html.erb (0.5ms)
Completed 200 OK in 122ms (Views: 120.6ms)


Started GET "/" for 127.0.0.1 at 2017-08-21 18:33:40 -0400
Processing by PagesController#index as HTML
  Rendering pages/index.html.erb within layouts/application
  Rendered pages/index.html.erb within layouts/application (0.4ms)
  Rendered layouts/_navbar.html.erb (1.9ms)
  Rendered layouts/_footer.html.erb (0.6ms)
Completed 200 OK in 117ms (Views: 114.9ms)


Started GET "/" for 127.0.0.1 at 2017-08-21 18:33:50 -0400
Processing by PagesController#index as HTML
  Rendering pages/index.html.erb within layouts/application
  Rendered pages/index.html.erb within layouts/application (0.5ms)
  Rendered layouts/_navbar.html.erb (1.9ms)
  Rendered layouts/_footer.html.erb (0.6ms)
Completed 200 OK in 114ms (Views: 110.8ms)


Started GET "/" for 127.0.0.1 at 2017-08-21 18:33:57 -0400
Processing by PagesController#index as HTML
  Rendering pages/index.html.erb within layouts/application
  Rendered pages/index.html.erb within layouts/application (0.4ms)
  Rendered layouts/_navbar.html.erb (1.0ms)
  Rendered layouts/_footer.html.erb (1.5ms)
Completed 200 OK in 129ms (Views: 127.0ms)


Started GET "/" for 127.0.0.1 at 2017-08-21 18:34:23 -0400
Processing by PagesController#index as HTML
  Rendering pages/index.html.erb within layouts/application
  Rendered pages/index.html.erb within layouts/application (0.3ms)
  Rendered layouts/_navbar.html.erb (1.7ms)
  Rendered layouts/_footer.html.erb (0.5ms)
Completed 200 OK in 117ms (Views: 115.8ms)


Started GET "/" for 127.0.0.1 at 2017-08-21 18:34:41 -0400
Processing by PagesController#index as HTML
  Rendering pages/index.html.erb within layouts/application
  Rendered pages/index.html.erb within layouts/application (0.3ms)
  Rendered layouts/_navbar.html.erb (1.9ms)
  Rendered layouts/_footer.html.erb (0.6ms)
Completed 200 OK in 113ms (Views: 110.9ms)


Started GET "/" for 127.0.0.1 at 2017-08-21 18:34:43 -0400
Processing by PagesController#index as HTML
  Rendering pages/index.html.erb within layouts/application
  Rendered pages/index.html.erb within layouts/application (0.5ms)
  Rendered layouts/_navbar.html.erb (1.6ms)
  Rendered layouts/_footer.html.erb (0.5ms)
Completed 200 OK in 143ms (Views: 140.2ms)


Started GET "/" for 127.0.0.1 at 2017-08-21 18:34:49 -0400
Processing by PagesController#index as HTML
  Rendering pages/index.html.erb within layouts/application
  Rendered pages/index.html.erb within layouts/application (0.6ms)
  Rendered layouts/_navbar.html.erb (1.7ms)
  Rendered layouts/_footer.html.erb (0.6ms)
Completed 200 OK in 121ms (Views: 118.7ms)


Started GET "/" for 127.0.0.1 at 2017-08-21 18:35:21 -0400
Processing by PagesController#index as HTML
  Rendering pages/index.html.erb within layouts/application
  Rendered pages/index.html.erb within layouts/application (0.3ms)
  Rendered layouts/_navbar.html.erb (0.9ms)
  Rendered layouts/_footer.html.erb (0.3ms)
Completed 200 OK in 118ms (Views: 116.6ms)


Started GET "/" for 127.0.0.1 at 2017-08-21 18:35:23 -0400
Processing by PagesController#index as HTML
  Rendering pages/index.html.erb within layouts/application
  Rendered pages/index.html.erb within layouts/application (0.5ms)
  Rendered layouts/_navbar.html.erb (1.8ms)
  Rendered layouts/_footer.html.erb (0.6ms)
Completed 200 OK in 123ms (Views: 121.4ms)


Started GET "/" for 127.0.0.1 at 2017-08-21 18:35:26 -0400
Processing by PagesController#index as HTML
  Rendering pages/index.html.erb within layouts/application
  Rendered pages/index.html.erb within layouts/application (0.4ms)
  Rendered layouts/_navbar.html.erb (1.8ms)
  Rendered layouts/_footer.html.erb (0.5ms)
Completed 200 OK in 156ms (Views: 153.8ms)


Started GET "/" for 127.0.0.1 at 2017-08-21 18:35:28 -0400
Processing by PagesController#index as HTML
  Rendering pages/index.html.erb within layouts/application
  Rendered pages/index.html.erb within layouts/application (0.4ms)
  Rendered layouts/_navbar.html.erb (1.8ms)
  Rendered layouts/_footer.html.erb (0.5ms)
Completed 200 OK in 137ms (Views: 135.2ms)


Started GET "/" for 127.0.0.1 at 2017-08-21 18:35:34 -0400
Processing by PagesController#index as HTML
  Rendering pages/index.html.erb within layouts/application
  Rendered pages/index.html.erb within layouts/application (0.3ms)
  Rendered layouts/_navbar.html.erb (1.6ms)
  Rendered layouts/_footer.html.erb (0.5ms)
Completed 200 OK in 127ms (Views: 124.4ms)


Started GET "/" for 127.0.0.1 at 2017-08-21 18:35:50 -0400
Processing by PagesController#index as HTML
  Rendering pages/index.html.erb within layouts/application
  Rendered pages/index.html.erb within layouts/application (0.4ms)
  Rendered layouts/_navbar.html.erb (1.8ms)
  Rendered layouts/_footer.html.erb (0.7ms)
Completed 200 OK in 118ms (Views: 115.9ms)


Started GET "/" for 127.0.0.1 at 2017-08-21 18:35:52 -0400
Processing by PagesController#index as HTML
  Rendering pages/index.html.erb within layouts/application
  Rendered pages/index.html.erb within layouts/application (0.3ms)
  Rendered layouts/_navbar.html.erb (1.4ms)
  Rendered layouts/_footer.html.erb (0.5ms)
Completed 200 OK in 113ms (Views: 109.9ms)


Started GET "/" for 127.0.0.1 at 2017-08-21 18:36:11 -0400
Processing by PagesController#index as HTML
  Rendering pages/index.html.erb within layouts/application
  Rendered pages/index.html.erb within layouts/application (0.4ms)
  Rendered layouts/_navbar.html.erb (1.6ms)
  Rendered layouts/_footer.html.erb (0.6ms)
Completed 200 OK in 117ms (Views: 114.6ms)


Started GET "/" for 127.0.0.1 at 2017-08-21 18:36:47 -0400
Processing by PagesController#index as HTML
  Rendering pages/index.html.erb within layouts/application
  Rendered pages/index.html.erb within layouts/application (0.4ms)
  Rendered layouts/_navbar.html.erb (1.9ms)
  Rendered layouts/_footer.html.erb (0.6ms)
Completed 200 OK in 171ms (Views: 168.3ms)


Started GET "/" for 127.0.0.1 at 2017-08-21 18:38:49 -0400
Processing by PagesController#index as HTML
  Rendering pages/index.html.erb within layouts/application
  Rendered pages/index.html.erb within layouts/application (0.5ms)
  Rendered layouts/_navbar.html.erb (0.9ms)
  Rendered layouts/_footer.html.erb (0.3ms)
Completed 200 OK in 120ms (Views: 118.1ms)


Started GET "/" for 127.0.0.1 at 2017-08-21 18:39:09 -0400
Processing by PagesController#index as HTML
  Rendering pages/index.html.erb within layouts/application
  Rendered pages/index.html.erb within layouts/application (0.3ms)
  Rendered layouts/_navbar.html.erb (1.5ms)
  Rendered layouts/_footer.html.erb (0.5ms)
Completed 200 OK in 142ms (Views: 140.0ms)


Started GET "/" for 127.0.0.1 at 2017-08-21 18:39:27 -0400
Processing by PagesController#index as HTML
  Rendering pages/index.html.erb within layouts/application
  Rendered pages/index.html.erb within layouts/application (0.3ms)
  Rendered layouts/_navbar.html.erb (1.8ms)
  Rendered layouts/_footer.html.erb (0.6ms)
Completed 200 OK in 119ms (Views: 116.5ms)


Started GET "/" for 127.0.0.1 at 2017-08-21 18:39:54 -0400
Processing by PagesController#index as HTML
  Rendering pages/index.html.erb within layouts/application
  Rendered pages/index.html.erb within layouts/application (0.3ms)
  Rendered layouts/_navbar.html.erb (1.8ms)
  Rendered layouts/_footer.html.erb (0.5ms)
Completed 200 OK in 122ms (Views: 120.3ms)


Started GET "/" for 127.0.0.1 at 2017-08-21 18:40:03 -0400
Processing by PagesController#index as HTML
  Rendering pages/index.html.erb within layouts/application
  Rendered pages/index.html.erb within layouts/application (0.5ms)
  Rendered layouts/_navbar.html.erb (1.5ms)
  Rendered layouts/_footer.html.erb (0.6ms)
Completed 200 OK in 123ms (Views: 121.7ms)


Started GET "/" for 127.0.0.1 at 2017-08-21 18:40:22 -0400
Processing by PagesController#index as HTML
  Rendering pages/index.html.erb within layouts/application
  Rendered pages/index.html.erb within layouts/application (0.3ms)
  Rendered layouts/_navbar.html.erb (2.0ms)
  Rendered layouts/_footer.html.erb (0.5ms)
Completed 200 OK in 121ms (Views: 118.4ms)


Started GET "/" for 127.0.0.1 at 2017-08-21 18:40:38 -0400
Processing by PagesController#index as HTML
  Rendering pages/index.html.erb within layouts/application
  Rendered pages/index.html.erb within layouts/application (0.4ms)
  Rendered layouts/_navbar.html.erb (1.7ms)
  Rendered layouts/_footer.html.erb (0.5ms)
Completed 200 OK in 114ms (Views: 111.5ms)


Started GET "/" for 127.0.0.1 at 2017-08-21 18:41:27 -0400
Processing by PagesController#index as HTML
  Rendering pages/index.html.erb within layouts/application
  Rendered pages/index.html.erb within layouts/application (0.4ms)
  Rendered layouts/_navbar.html.erb (1.6ms)
  Rendered layouts/_footer.html.erb (0.6ms)
Completed 200 OK in 121ms (Views: 118.9ms)


Started GET "/" for 127.0.0.1 at 2017-08-21 18:41:49 -0400
Processing by PagesController#index as HTML
  Rendering pages/index.html.erb within layouts/application
  Rendered pages/index.html.erb within layouts/application (0.4ms)
  Rendered layouts/_navbar.html.erb (1.7ms)
  Rendered layouts/_footer.html.erb (0.6ms)
Completed 200 OK in 136ms (Views: 134.5ms)


Started GET "/" for 127.0.0.1 at 2017-08-21 18:42:06 -0400
Processing by PagesController#index as HTML
  Rendering pages/index.html.erb within layouts/application
  Rendered pages/index.html.erb within layouts/application (0.4ms)
  Rendered layouts/_navbar.html.erb (1.8ms)
  Rendered layouts/_footer.html.erb (0.7ms)
Completed 200 OK in 124ms (Views: 121.0ms)


Started GET "/" for 127.0.0.1 at 2017-08-21 18:42:12 -0400
Processing by PagesController#index as HTML
  Rendering pages/index.html.erb within layouts/application
  Rendered pages/index.html.erb within layouts/application (0.4ms)
  Rendered layouts/_navbar.html.erb (1.5ms)
  Rendered layouts/_footer.html.erb (0.7ms)
Completed 200 OK in 120ms (Views: 117.7ms)


Started GET "/" for 127.0.0.1 at 2017-08-21 18:42:26 -0400
Processing by PagesController#index as HTML
  Rendering pages/index.html.erb within layouts/application
  Rendered pages/index.html.erb within layouts/application (0.4ms)
  Rendered layouts/_navbar.html.erb (1.8ms)
  Rendered layouts/_footer.html.erb (0.5ms)
Completed 200 OK in 122ms (Views: 120.4ms)


Started GET "/" for 127.0.0.1 at 2017-08-21 18:42:49 -0400
Processing by PagesController#index as HTML
  Rendering pages/index.html.erb within layouts/application
  Rendered pages/index.html.erb within layouts/application (0.5ms)
  Rendered layouts/_navbar.html.erb (1.8ms)
  Rendered layouts/_footer.html.erb (0.6ms)
Completed 200 OK in 127ms (Views: 124.9ms)


Started GET "/" for 127.0.0.1 at 2017-08-21 18:43:16 -0400
Processing by PagesController#index as HTML
  Rendering pages/index.html.erb within layouts/application
  Rendered pages/index.html.erb within layouts/application (0.4ms)
  Rendered layouts/_navbar.html.erb (1.8ms)
  Rendered layouts/_footer.html.erb (0.5ms)
Completed 200 OK in 118ms (Views: 115.0ms)


Started GET "/" for 127.0.0.1 at 2017-08-21 18:43:38 -0400
Processing by PagesController#index as HTML
  Rendering pages/index.html.erb within layouts/application
  Rendered pages/index.html.erb within layouts/application (0.3ms)
  Rendered layouts/_navbar.html.erb (1.6ms)
  Rendered layouts/_footer.html.erb (0.5ms)
Completed 200 OK in 112ms (Views: 108.6ms)


Started GET "/" for 127.0.0.1 at 2017-08-21 18:43:44 -0400
Processing by PagesController#index as HTML
  Rendering pages/index.html.erb within layouts/application
  Rendered pages/index.html.erb within layouts/application (0.4ms)
  Rendered layouts/_navbar.html.erb (1.5ms)
  Rendered layouts/_footer.html.erb (0.6ms)
Completed 200 OK in 142ms (Views: 140.3ms)


Started GET "/" for 127.0.0.1 at 2017-08-21 18:43:54 -0400
Processing by PagesController#index as HTML
  Rendering pages/index.html.erb within layouts/application
  Rendered pages/index.html.erb within layouts/application (0.3ms)
  Rendered layouts/_navbar.html.erb (1.7ms)
  Rendered layouts/_footer.html.erb (0.8ms)
Completed 200 OK in 148ms (Views: 144.7ms)


Started GET "/" for 127.0.0.1 at 2017-08-21 18:44:17 -0400
Processing by PagesController#index as HTML
  Rendering pages/index.html.erb within layouts/application
  Rendered pages/index.html.erb within layouts/application (0.7ms)
  Rendered layouts/_navbar.html.erb (1.1ms)
  Rendered layouts/_footer.html.erb (0.6ms)
Completed 200 OK in 125ms (Views: 122.6ms)


Started GET "/" for 127.0.0.1 at 2017-08-21 18:44:45 -0400
Processing by PagesController#index as HTML
  Rendering pages/index.html.erb within layouts/application
  Rendered pages/index.html.erb within layouts/application (0.4ms)
  Rendered layouts/_navbar.html.erb (1.5ms)
  Rendered layouts/_footer.html.erb (0.6ms)
Completed 200 OK in 140ms (Views: 137.0ms)


Started GET "/" for 127.0.0.1 at 2017-08-21 18:44:53 -0400
Processing by PagesController#index as HTML
  Rendering pages/index.html.erb within layouts/application
  Rendered pages/index.html.erb within layouts/application (0.4ms)
  Rendered layouts/_navbar.html.erb (1.9ms)
  Rendered layouts/_footer.html.erb (0.5ms)
Completed 200 OK in 116ms (Views: 114.4ms)


Started GET "/" for 127.0.0.1 at 2017-08-21 18:45:01 -0400
Processing by PagesController#index as HTML
  Rendering pages/index.html.erb within layouts/application
  Rendered pages/index.html.erb within layouts/application (0.3ms)
  Rendered layouts/_navbar.html.erb (2.0ms)
  Rendered layouts/_footer.html.erb (0.6ms)
Completed 200 OK in 127ms (Views: 123.6ms)


Started GET "/" for 127.0.0.1 at 2017-08-21 18:45:25 -0400
Processing by PagesController#index as HTML
  Rendering pages/index.html.erb within layouts/application
  Rendered pages/index.html.erb within layouts/application (0.5ms)
  Rendered layouts/_navbar.html.erb (1.8ms)
  Rendered layouts/_footer.html.erb (0.5ms)
Completed 200 OK in 151ms (Views: 148.4ms)


Started GET "/" for 127.0.0.1 at 2017-08-21 18:45:41 -0400
Processing by PagesController#index as HTML
  Rendering pages/index.html.erb within layouts/application
  Rendered pages/index.html.erb within layouts/application (0.5ms)
  Rendered layouts/_navbar.html.erb (1.7ms)
  Rendered layouts/_footer.html.erb (0.6ms)
Completed 200 OK in 118ms (Views: 115.6ms)


Started GET "/" for 127.0.0.1 at 2017-08-21 18:45:51 -0400
Processing by PagesController#index as HTML
  Rendering pages/index.html.erb within layouts/application
  Rendered pages/index.html.erb within layouts/application (0.3ms)
  Rendered layouts/_navbar.html.erb (1.6ms)
  Rendered layouts/_footer.html.erb (0.5ms)
Completed 200 OK in 125ms (Views: 122.1ms)


Started GET "/" for 127.0.0.1 at 2017-08-21 18:46:15 -0400
Processing by PagesController#index as HTML
  Rendering pages/index.html.erb within layouts/application
  Rendered pages/index.html.erb within layouts/application (0.6ms)
  Rendered layouts/_navbar.html.erb (1.0ms)
  Rendered layouts/_footer.html.erb (0.3ms)
Completed 200 OK in 120ms (Views: 118.2ms)


Started GET "/" for 127.0.0.1 at 2017-08-21 18:46:24 -0400
Processing by PagesController#index as HTML
  Rendering pages/index.html.erb within layouts/application
  Rendered pages/index.html.erb within layouts/application (0.5ms)
  Rendered layouts/_navbar.html.erb (1.5ms)
  Rendered layouts/_footer.html.erb (0.5ms)
Completed 200 OK in 131ms (Views: 127.8ms)


Started GET "/" for 127.0.0.1 at 2017-08-21 18:46:48 -0400
Processing by PagesController#index as HTML
  Rendering pages/index.html.erb within layouts/application
  Rendered pages/index.html.erb within layouts/application (1.3ms)
  Rendered layouts/_navbar.html.erb (1.1ms)
  Rendered layouts/_footer.html.erb (0.6ms)
Completed 200 OK in 108ms (Views: 106.6ms)


Started GET "/" for 127.0.0.1 at 2017-08-21 18:47:38 -0400
Processing by PagesController#index as HTML
  Rendering pages/index.html.erb within layouts/application
  Rendered pages/index.html.erb within layouts/application (0.4ms)
  Rendered layouts/_navbar.html.erb (1.2ms)
  Rendered layouts/_footer.html.erb (0.5ms)
Completed 200 OK in 114ms (Views: 112.1ms)


Started GET "/" for 127.0.0.1 at 2017-08-21 18:49:07 -0400
Processing by PagesController#index as HTML
  Rendering pages/index.html.erb within layouts/application
  Rendered pages/index.html.erb within layouts/application (0.4ms)
  Rendered layouts/_navbar.html.erb (1.9ms)
  Rendered layouts/_footer.html.erb (0.8ms)
Completed 200 OK in 2190ms (Views: 2187.1ms)


Started GET "/" for 127.0.0.1 at 2017-08-21 18:49:26 -0400
Processing by PagesController#index as HTML
  Rendering pages/index.html.erb within layouts/application
  Rendered pages/index.html.erb within layouts/application (0.3ms)
  Rendered layouts/_navbar.html.erb (1.1ms)
  Rendered layouts/_footer.html.erb (0.4ms)
Completed 200 OK in 114ms (Views: 112.3ms)


Started GET "/" for 127.0.0.1 at 2017-08-21 18:49:41 -0400
Processing by PagesController#index as HTML
  Rendering pages/index.html.erb within layouts/application
  Rendered pages/index.html.erb within layouts/application (0.3ms)
  Rendered layouts/_navbar.html.erb (1.9ms)
  Rendered layouts/_footer.html.erb (0.6ms)
Completed 200 OK in 1770ms (Views: 1768.3ms)


Started GET "/" for 127.0.0.1 at 2017-08-21 18:49:50 -0400
Processing by PagesController#index as HTML
  Rendering pages/index.html.erb within layouts/application
  Rendered pages/index.html.erb within layouts/application (0.5ms)
  Rendered layouts/_navbar.html.erb (2.1ms)
  Rendered layouts/_footer.html.erb (1.0ms)
Completed 200 OK in 185ms (Views: 182.8ms)


Started GET "/" for 127.0.0.1 at 2017-08-21 18:50:25 -0400
Processing by PagesController#index as HTML
  Rendering pages/index.html.erb within layouts/application
  Rendered pages/index.html.erb within layouts/application (0.3ms)
  Rendered layouts/_navbar.html.erb (2.1ms)
  Rendered layouts/_footer.html.erb (0.6ms)
Completed 200 OK in 1721ms (Views: 1719.3ms)


Started GET "/" for 127.0.0.1 at 2017-08-21 18:50:45 -0400
Processing by PagesController#index as HTML
  Rendering pages/index.html.erb within layouts/application
  Rendered pages/index.html.erb within layouts/application (0.3ms)
  Rendered layouts/_navbar.html.erb (2.0ms)
  Rendered layouts/_footer.html.erb (0.3ms)
Completed 200 OK in 1645ms (Views: 1643.3ms)


Started GET "/" for 127.0.0.1 at 2017-08-21 18:51:14 -0400
Processing by PagesController#index as HTML
  Rendering pages/index.html.erb within layouts/application
  Rendered pages/index.html.erb within layouts/application (0.6ms)
  Rendered layouts/_navbar.html.erb (1.5ms)
  Rendered layouts/_footer.html.erb (0.4ms)
Completed 200 OK in 1625ms (Views: 1623.5ms)


Started GET "/" for 127.0.0.1 at 2017-08-21 18:52:57 -0400
Processing by PagesController#index as HTML
  Rendering pages/index.html.erb within layouts/application
  Rendered pages/index.html.erb within layouts/application (0.4ms)
  Rendered layouts/_navbar.html.erb (1.1ms)
  Rendered layouts/_footer.html.erb (0.6ms)
Completed 200 OK in 1935ms (Views: 1932.5ms)


Started GET "/" for 127.0.0.1 at 2017-08-21 18:53:34 -0400
Processing by PagesController#index as HTML
  Rendering pages/index.html.erb within layouts/application
  Rendered pages/index.html.erb within layouts/application (0.3ms)
  Rendered layouts/_navbar.html.erb (1.3ms)
  Rendered layouts/_footer.html.erb (0.8ms)
Completed 200 OK in 123ms (Views: 121.1ms)


Started GET "/" for 127.0.0.1 at 2017-08-21 18:53:41 -0400
Processing by PagesController#index as HTML
  Rendering pages/index.html.erb within layouts/application
  Rendered pages/index.html.erb within layouts/application (0.5ms)
  Rendered layouts/_navbar.html.erb (1.4ms)
  Rendered layouts/_footer.html.erb (0.4ms)
Completed 200 OK in 123ms (Views: 120.5ms)


Started GET "/" for 127.0.0.1 at 2017-08-21 18:53:48 -0400
Processing by PagesController#index as HTML
  Rendering pages/index.html.erb within layouts/application
  Rendered pages/index.html.erb within layouts/application (0.4ms)
  Rendered layouts/_navbar.html.erb (1.8ms)
  Rendered layouts/_footer.html.erb (0.4ms)
Completed 200 OK in 126ms (Views: 123.5ms)


Started GET "/" for 127.0.0.1 at 2017-08-21 18:54:54 -0400
Processing by PagesController#index as HTML
  Rendering pages/index.html.erb within layouts/application
  Rendered pages/index.html.erb within layouts/application (0.4ms)
  Rendered layouts/_navbar.html.erb (1.7ms)
  Rendered layouts/_footer.html.erb (0.5ms)
Completed 200 OK in 1645ms (Views: 1643.5ms)


Started GET "/" for 127.0.0.1 at 2017-08-21 18:55:36 -0400
Processing by PagesController#index as HTML
  Rendering pages/index.html.erb within layouts/application
  Rendered pages/index.html.erb within layouts/application (0.3ms)
  Rendered layouts/_navbar.html.erb (1.6ms)
  Rendered layouts/_footer.html.erb (0.5ms)
Completed 200 OK in 118ms (Views: 116.4ms)


Started GET "/" for 127.0.0.1 at 2017-08-21 18:55:38 -0400
Processing by PagesController#index as HTML
  Rendering pages/index.html.erb within layouts/application
  Rendered pages/index.html.erb within layouts/application (0.6ms)
  Rendered layouts/_navbar.html.erb (1.8ms)
  Rendered layouts/_footer.html.erb (0.6ms)
Completed 200 OK in 110ms (Views: 108.1ms)


Started GET "/" for 127.0.0.1 at 2017-08-21 18:55:51 -0400
Processing by PagesController#index as HTML
  Rendering pages/index.html.erb within layouts/application
  Rendered pages/index.html.erb within layouts/application (0.4ms)
  Rendered layouts/_navbar.html.erb (1.6ms)
  Rendered layouts/_footer.html.erb (0.4ms)
Completed 200 OK in 1682ms (Views: 1680.3ms)


Started GET "/" for 127.0.0.1 at 2017-08-21 18:56:55 -0400
Processing by PagesController#index as HTML
  Rendering pages/index.html.erb within layouts/application
  Rendered pages/index.html.erb within layouts/application (0.4ms)
  Rendered layouts/_navbar.html.erb (1.5ms)
  Rendered layouts/_footer.html.erb (0.4ms)
Completed 200 OK in 179ms (Views: 176.6ms)


Started GET "/" for 127.0.0.1 at 2017-08-21 18:57:14 -0400
Processing by PagesController#index as HTML
  Rendering pages/index.html.erb within layouts/application
  Rendered pages/index.html.erb within layouts/application (0.4ms)
  Rendered layouts/_navbar.html.erb (1.1ms)
  Rendered layouts/_footer.html.erb (0.4ms)
Completed 200 OK in 2071ms (Views: 2067.6ms)


Started GET "/" for 127.0.0.1 at 2017-08-21 18:57:40 -0400
Processing by PagesController#index as HTML
  Rendering pages/index.html.erb within layouts/application
  Rendered pages/index.html.erb within layouts/application (0.5ms)
  Rendered layouts/_navbar.html.erb (1.7ms)
  Rendered layouts/_footer.html.erb (0.5ms)
Completed 200 OK in 2081ms (Views: 2079.5ms)


Started GET "/" for 127.0.0.1 at 2017-08-21 18:57:48 -0400
Processing by PagesController#index as HTML
  Rendering pages/index.html.erb within layouts/application
  Rendered pages/index.html.erb within layouts/application (0.3ms)
  Rendered layouts/_navbar.html.erb (1.8ms)
  Rendered layouts/_footer.html.erb (0.7ms)
Completed 200 OK in 99ms (Views: 96.3ms)


Started GET "/" for 127.0.0.1 at 2017-08-21 18:58:41 -0400
Processing by PagesController#index as HTML
  Rendering pages/index.html.erb within layouts/application
  Rendered pages/index.html.erb within layouts/application (0.5ms)
  Rendered layouts/_navbar.html.erb (1.1ms)
  Rendered layouts/_footer.html.erb (0.5ms)
Completed 200 OK in 1960ms (Views: 1957.6ms)


Started GET "/" for 127.0.0.1 at 2017-08-21 18:59:37 -0400
Processing by PagesController#index as HTML
  Rendering pages/index.html.erb within layouts/application
  Rendered pages/index.html.erb within layouts/application (0.6ms)
  Rendered layouts/_navbar.html.erb (1.2ms)
  Rendered layouts/_footer.html.erb (0.6ms)
Completed 200 OK in 2136ms (Views: 2133.3ms)


Started GET "/" for 127.0.0.1 at 2017-08-21 18:59:43 -0400
Processing by PagesController#index as HTML
  Rendering pages/index.html.erb within layouts/application
  Rendered pages/index.html.erb within layouts/application (0.5ms)
  Rendered layouts/_navbar.html.erb (1.7ms)
  Rendered layouts/_footer.html.erb (0.4ms)
Completed 200 OK in 128ms (Views: 125.9ms)


Started GET "/" for 127.0.0.1 at 2017-08-21 19:00:16 -0400
Processing by PagesController#index as HTML
  Rendering pages/index.html.erb within layouts/application
  Rendered pages/index.html.erb within layouts/application (0.3ms)
  Rendered layouts/_navbar.html.erb (1.4ms)
  Rendered layouts/_footer.html.erb (0.6ms)
Completed 200 OK in 1890ms (Views: 1888.9ms)


Started GET "/" for 127.0.0.1 at 2017-08-21 19:00:37 -0400
Processing by PagesController#index as HTML
  Rendering pages/index.html.erb within layouts/application
  Rendered pages/index.html.erb within layouts/application (0.3ms)
  Rendered layouts/_navbar.html.erb (1.5ms)
  Rendered layouts/_footer.html.erb (0.5ms)
Completed 200 OK in 2000ms (Views: 1997.2ms)


Started GET "/" for 127.0.0.1 at 2017-08-21 19:00:51 -0400
Processing by PagesController#index as HTML
  Rendering pages/index.html.erb within layouts/application
  Rendered pages/index.html.erb within layouts/application (0.3ms)
  Rendered layouts/_navbar.html.erb (2.0ms)
  Rendered layouts/_footer.html.erb (0.6ms)
Completed 200 OK in 113ms (Views: 111.3ms)


Started GET "/" for 127.0.0.1 at 2017-08-21 19:01:03 -0400
Processing by PagesController#index as HTML
  Rendering pages/index.html.erb within layouts/application
  Rendered pages/index.html.erb within layouts/application (0.4ms)
  Rendered layouts/_navbar.html.erb (2.0ms)
  Rendered layouts/_footer.html.erb (1.1ms)
Completed 200 OK in 118ms (Views: 116.5ms)


Started GET "/" for 127.0.0.1 at 2017-08-21 19:01:21 -0400
Processing by PagesController#index as HTML
  Rendering pages/index.html.erb within layouts/application
  Rendered pages/index.html.erb within layouts/application (0.3ms)
  Rendered layouts/_navbar.html.erb (1.8ms)
  Rendered layouts/_footer.html.erb (0.6ms)
Completed 200 OK in 1917ms (Views: 1915.8ms)


Started GET "/" for 127.0.0.1 at 2017-08-21 19:02:02 -0400
Processing by PagesController#index as HTML
  Rendering pages/index.html.erb within layouts/application
  Rendered pages/index.html.erb within layouts/application (0.4ms)
  Rendered layouts/_navbar.html.erb (2.0ms)
  Rendered layouts/_footer.html.erb (0.6ms)
Completed 200 OK in 1991ms (Views: 1987.4ms)


Started GET "/" for 127.0.0.1 at 2017-08-21 19:02:14 -0400
Processing by PagesController#index as HTML
  Rendering pages/index.html.erb within layouts/application
  Rendered pages/index.html.erb within layouts/application (0.5ms)
  Rendered layouts/_navbar.html.erb (1.8ms)
  Rendered layouts/_footer.html.erb (0.7ms)
Completed 200 OK in 2006ms (Views: 2004.3ms)


Started GET "/" for 127.0.0.1 at 2017-08-21 19:02:32 -0400
Processing by PagesController#index as HTML
  Rendering pages/index.html.erb within layouts/application
  Rendered pages/index.html.erb within layouts/application (0.5ms)
  Rendered layouts/_navbar.html.erb (1.5ms)
  Rendered layouts/_footer.html.erb (0.5ms)
Completed 200 OK in 1965ms (Views: 1963.3ms)


Started GET "/" for 127.0.0.1 at 2017-08-21 19:03:02 -0400
Processing by PagesController#index as HTML
  Rendering pages/index.html.erb within layouts/application
  Rendered pages/index.html.erb within layouts/application (0.5ms)
  Rendered layouts/_navbar.html.erb (1.8ms)
  Rendered layouts/_footer.html.erb (0.6ms)
Completed 200 OK in 1971ms (Views: 1969.4ms)


Started GET "/" for 127.0.0.1 at 2017-08-21 19:03:11 -0400
Processing by PagesController#index as HTML
  Rendering pages/index.html.erb within layouts/application
  Rendered pages/index.html.erb within layouts/application (0.6ms)
  Rendered layouts/_navbar.html.erb (3.2ms)
  Rendered layouts/_footer.html.erb (0.3ms)
Completed 200 OK in 1958ms (Views: 1955.7ms)


Started GET "/" for 127.0.0.1 at 2017-08-21 19:03:42 -0400
Processing by PagesController#index as HTML
  Rendering pages/index.html.erb within layouts/application
  Rendered pages/index.html.erb within layouts/application (0.3ms)
  Rendered layouts/_navbar.html.erb (1.7ms)
  Rendered layouts/_footer.html.erb (0.6ms)
Completed 200 OK in 1916ms (Views: 1912.3ms)


Started GET "/" for 127.0.0.1 at 2017-08-21 19:04:10 -0400
Processing by PagesController#index as HTML
  Rendering pages/index.html.erb within layouts/application
  Rendered pages/index.html.erb within layouts/application (0.3ms)
  Rendered layouts/_navbar.html.erb (1.5ms)
  Rendered layouts/_footer.html.erb (0.6ms)
Completed 200 OK in 1979ms (Views: 1976.6ms)


Started GET "/" for 127.0.0.1 at 2017-08-21 19:04:16 -0400
Processing by PagesController#index as HTML
  Rendering pages/index.html.erb within layouts/application
  Rendered pages/index.html.erb within layouts/application (0.5ms)
  Rendered layouts/_navbar.html.erb (4.0ms)
  Rendered layouts/_footer.html.erb (0.5ms)
Completed 200 OK in 1979ms (Views: 1977.6ms)


Started GET "/" for 127.0.0.1 at 2017-08-21 19:04:30 -0400
Processing by PagesController#index as HTML
  Rendering pages/index.html.erb within layouts/application
  Rendered pages/index.html.erb within layouts/application (0.3ms)
  Rendered layouts/_navbar.html.erb (1.5ms)
  Rendered layouts/_footer.html.erb (0.4ms)
Completed 200 OK in 1912ms (Views: 1908.6ms)


Started GET "/" for 127.0.0.1 at 2017-08-21 19:04:47 -0400
Processing by PagesController#index as HTML
  Rendering pages/index.html.erb within layouts/application
  Rendered pages/index.html.erb within layouts/application (1.5ms)
  Rendered layouts/_navbar.html.erb (1.2ms)
  Rendered layouts/_footer.html.erb (0.6ms)
Completed 200 OK in 2086ms (Views: 2083.3ms)


Started GET "/" for 127.0.0.1 at 2017-08-21 19:05:46 -0400
Processing by PagesController#index as HTML
  Rendering pages/index.html.erb within layouts/application
  Rendered pages/index.html.erb within layouts/application (0.4ms)
  Rendered layouts/_navbar.html.erb (3.5ms)
  Rendered layouts/_footer.html.erb (0.4ms)
Completed 200 OK in 2136ms (Views: 2132.8ms)


Started GET "/" for 127.0.0.1 at 2017-08-21 19:09:49 -0400
Processing by PagesController#index as HTML
  Rendering pages/index.html.erb within layouts/application
  Rendered pages/index.html.erb within layouts/application (0.3ms)
  Rendered layouts/_navbar.html.erb (1.1ms)
  Rendered layouts/_footer.html.erb (0.4ms)
Completed 200 OK in 2313ms (Views: 2309.5ms)


Started GET "/" for 127.0.0.1 at 2017-08-21 19:10:08 -0400
Processing by PagesController#index as HTML
  Rendering pages/index.html.erb within layouts/application
  Rendered pages/index.html.erb within layouts/application (0.7ms)
  Rendered layouts/_navbar.html.erb (1.5ms)
  Rendered layouts/_footer.html.erb (0.5ms)
Completed 200 OK in 160ms (Views: 157.0ms)


Started GET "/" for 127.0.0.1 at 2017-08-21 19:10:43 -0400
Processing by PagesController#index as HTML
  Rendering pages/index.html.erb within layouts/application
  Rendered pages/index.html.erb within layouts/application (0.4ms)
  Rendered layouts/_navbar.html.erb (1.7ms)
  Rendered layouts/_footer.html.erb (0.6ms)
Completed 200 OK in 2207ms (Views: 2204.8ms)


Started GET "/" for 127.0.0.1 at 2017-08-21 19:11:00 -0400
Processing by PagesController#index as HTML
  Rendering pages/index.html.erb within layouts/application
  Rendered pages/index.html.erb within layouts/application (0.3ms)
  Rendered layouts/_navbar.html.erb (1.3ms)
  Rendered layouts/_footer.html.erb (0.5ms)
Completed 200 OK in 120ms (Views: 117.4ms)


Started GET "/" for 127.0.0.1 at 2017-08-21 19:11:39 -0400
Processing by PagesController#index as HTML
  Rendering pages/index.html.erb within layouts/application
  Rendered pages/index.html.erb within layouts/application (0.4ms)
  Rendered layouts/_navbar.html.erb (1.2ms)
  Rendered layouts/_footer.html.erb (0.8ms)
Completed 200 OK in 176ms (Views: 173.3ms)


Started GET "/" for 127.0.0.1 at 2017-08-21 19:11:57 -0400
Processing by PagesController#index as HTML
  Rendering pages/index.html.erb within layouts/application
  Rendered pages/index.html.erb within layouts/application (0.6ms)
  Rendered layouts/_navbar.html.erb (1.5ms)
  Rendered layouts/_footer.html.erb (0.6ms)
Completed 200 OK in 172ms (Views: 170.0ms)


Started GET "/" for 127.0.0.1 at 2017-08-21 19:12:11 -0400
Processing by PagesController#index as HTML
  Rendering pages/index.html.erb within layouts/application
  Rendered pages/index.html.erb within layouts/application (0.5ms)
  Rendered layouts/_navbar.html.erb (1.9ms)
  Rendered layouts/_footer.html.erb (0.7ms)
Completed 200 OK in 141ms (Views: 138.8ms)


Started GET "/" for 127.0.0.1 at 2017-08-21 19:12:31 -0400
Processing by PagesController#index as HTML
  Rendering pages/index.html.erb within layouts/application
  Rendered pages/index.html.erb within layouts/application (0.4ms)
  Rendered layouts/_navbar.html.erb (1.8ms)
  Rendered layouts/_footer.html.erb (0.6ms)
Completed 200 OK in 120ms (Views: 117.5ms)


Started GET "/" for 127.0.0.1 at 2017-08-21 19:12:38 -0400
Processing by PagesController#index as HTML
  Rendering pages/index.html.erb within layouts/application
  Rendered pages/index.html.erb within layouts/application (0.4ms)
  Rendered layouts/_navbar.html.erb (1.6ms)
  Rendered layouts/_footer.html.erb (0.5ms)
Completed 200 OK in 140ms (Views: 137.2ms)


Started GET "/" for 127.0.0.1 at 2017-08-21 19:13:52 -0400
Processing by PagesController#index as HTML
  Rendering pages/index.html.erb within layouts/application
  Rendered pages/index.html.erb within layouts/application (0.4ms)
  Rendered layouts/_navbar.html.erb (1.8ms)
  Rendered layouts/_footer.html.erb (0.6ms)
Completed 200 OK in 2021ms (Views: 2019.7ms)


Started GET "/" for 127.0.0.1 at 2017-08-21 19:14:37 -0400
Processing by PagesController#index as HTML
  Rendering pages/index.html.erb within layouts/application
  Rendered pages/index.html.erb within layouts/application (0.6ms)
  Rendered layouts/_navbar.html.erb (1.5ms)
  Rendered layouts/_footer.html.erb (0.5ms)
Completed 200 OK in 2013ms (Views: 2011.1ms)


Started GET "/" for 127.0.0.1 at 2017-08-21 19:14:56 -0400
Processing by PagesController#index as HTML
  Rendering pages/index.html.erb within layouts/application
  Rendered pages/index.html.erb within layouts/application (0.4ms)
  Rendered layouts/_navbar.html.erb (1.4ms)
  Rendered layouts/_footer.html.erb (0.6ms)
Completed 200 OK in 117ms (Views: 114.4ms)


Started GET "/" for 127.0.0.1 at 2017-08-21 19:15:08 -0400
Processing by PagesController#index as HTML
  Rendering pages/index.html.erb within layouts/application
  Rendered pages/index.html.erb within layouts/application (0.4ms)
  Rendered layouts/_navbar.html.erb (1.8ms)
  Rendered layouts/_footer.html.erb (0.5ms)
Completed 200 OK in 127ms (Views: 124.8ms)


Started GET "/" for 127.0.0.1 at 2017-08-21 19:15:35 -0400
Processing by PagesController#index as HTML
  Rendering pages/index.html.erb within layouts/application
  Rendered pages/index.html.erb within layouts/application (0.5ms)
  Rendered layouts/_navbar.html.erb (1.6ms)
  Rendered layouts/_footer.html.erb (0.5ms)
Completed 200 OK in 141ms (Views: 139.3ms)


Started GET "/" for 127.0.0.1 at 2017-08-21 19:15:54 -0400
Processing by PagesController#index as HTML
  Rendering pages/index.html.erb within layouts/application
  Rendered pages/index.html.erb within layouts/application (0.5ms)
  Rendered layouts/_navbar.html.erb (1.8ms)
  Rendered layouts/_footer.html.erb (0.6ms)
Completed 200 OK in 127ms (Views: 125.2ms)


Started GET "/" for 127.0.0.1 at 2017-08-21 19:16:01 -0400
Processing by PagesController#index as HTML
  Rendering pages/index.html.erb within layouts/application
  Rendered pages/index.html.erb within layouts/application (0.4ms)
  Rendered layouts/_navbar.html.erb (1.8ms)
  Rendered layouts/_footer.html.erb (0.6ms)
Completed 200 OK in 156ms (Views: 153.8ms)


Started GET "/" for 127.0.0.1 at 2017-08-21 19:16:07 -0400
Processing by PagesController#index as HTML
  Rendering pages/index.html.erb within layouts/application
  Rendered pages/index.html.erb within layouts/application (0.4ms)
  Rendered layouts/_navbar.html.erb (1.6ms)
  Rendered layouts/_footer.html.erb (0.5ms)
Completed 200 OK in 153ms (Views: 151.5ms)


Started GET "/" for 127.0.0.1 at 2017-08-21 19:16:14 -0400
Processing by PagesController#index as HTML
  Rendering pages/index.html.erb within layouts/application
  Rendered pages/index.html.erb within layouts/application (0.3ms)
  Rendered layouts/_navbar.html.erb (1.0ms)
  Rendered layouts/_footer.html.erb (0.4ms)
Completed 200 OK in 161ms (Views: 159.2ms)


Started GET "/" for 127.0.0.1 at 2017-08-21 19:16:57 -0400
Processing by PagesController#index as HTML
  Rendering pages/index.html.erb within layouts/application
  Rendered pages/index.html.erb within layouts/application (0.5ms)
  Rendered layouts/_navbar.html.erb (1.2ms)
  Rendered layouts/_footer.html.erb (0.6ms)
Completed 200 OK in 2010ms (Views: 2008.8ms)


Started GET "/" for 127.0.0.1 at 2017-08-21 19:17:13 -0400
Processing by PagesController#index as HTML
  Rendering pages/index.html.erb within layouts/application
  Rendered pages/index.html.erb within layouts/application (0.3ms)
  Rendered layouts/_navbar.html.erb (1.8ms)
  Rendered layouts/_footer.html.erb (0.5ms)
Completed 200 OK in 108ms (Views: 104.9ms)


Started GET "/" for 127.0.0.1 at 2017-08-21 19:18:09 -0400
Processing by PagesController#index as HTML
  Rendering pages/index.html.erb within layouts/application
  Rendered pages/index.html.erb within layouts/application (0.6ms)
  Rendered layouts/_navbar.html.erb (2.3ms)
  Rendered layouts/_footer.html.erb (0.3ms)
Completed 200 OK in 2154ms (Views: 2150.7ms)


Started GET "/" for 127.0.0.1 at 2017-08-21 19:18:20 -0400
Processing by PagesController#index as HTML
  Rendering pages/index.html.erb within layouts/application
  Rendered pages/index.html.erb within layouts/application (1.4ms)
  Rendered layouts/_navbar.html.erb (0.9ms)
  Rendered layouts/_footer.html.erb (0.5ms)
Completed 200 OK in 160ms (Views: 158.1ms)


Started GET "/" for 127.0.0.1 at 2017-08-21 19:18:34 -0400
Processing by PagesController#index as HTML
  Rendering pages/index.html.erb within layouts/application
  Rendered pages/index.html.erb within layouts/application (0.5ms)
  Rendered layouts/_navbar.html.erb (1.8ms)
  Rendered layouts/_footer.html.erb (0.5ms)
Completed 200 OK in 1915ms (Views: 1913.1ms)


Started GET "/" for 127.0.0.1 at 2017-08-21 19:18:43 -0400
Processing by PagesController#index as HTML
  Rendering pages/index.html.erb within layouts/application
  Rendered pages/index.html.erb within layouts/application (0.6ms)
  Rendered layouts/_navbar.html.erb (1.5ms)
  Rendered layouts/_footer.html.erb (0.5ms)
Completed 200 OK in 166ms (Views: 163.2ms)


Started GET "/" for 127.0.0.1 at 2017-08-21 19:18:53 -0400
Processing by PagesController#index as HTML
  Rendering pages/index.html.erb within layouts/application
  Rendered pages/index.html.erb within layouts/application (0.3ms)
  Rendered layouts/_navbar.html.erb (1.6ms)
  Rendered layouts/_footer.html.erb (0.5ms)
Completed 200 OK in 147ms (Views: 144.3ms)


Started GET "/" for 127.0.0.1 at 2017-08-21 19:19:13 -0400
Processing by PagesController#index as HTML
  Rendering pages/index.html.erb within layouts/application
  Rendered pages/index.html.erb within layouts/application (0.4ms)
  Rendered layouts/_navbar.html.erb (1.4ms)
  Rendered layouts/_footer.html.erb (0.5ms)
Completed 200 OK in 2191ms (Views: 2189.5ms)


Started GET "/" for 127.0.0.1 at 2017-08-21 19:19:21 -0400
Processing by PagesController#index as HTML
  Rendering pages/index.html.erb within layouts/application
  Rendered pages/index.html.erb within layouts/application (0.4ms)
  Rendered layouts/_navbar.html.erb (1.7ms)
  Rendered layouts/_footer.html.erb (0.5ms)
Completed 200 OK in 2000ms (Views: 1998.0ms)


Started GET "/" for 127.0.0.1 at 2017-08-21 19:19:35 -0400
Processing by PagesController#index as HTML
  Rendering pages/index.html.erb within layouts/application
  Rendered pages/index.html.erb within layouts/application (0.3ms)
  Rendered layouts/_navbar.html.erb (1.5ms)
  Rendered layouts/_footer.html.erb (0.5ms)
Completed 200 OK in 2075ms (Views: 2071.5ms)


Started GET "/" for 127.0.0.1 at 2017-08-21 19:19:52 -0400
Processing by PagesController#index as HTML
  Rendering pages/index.html.erb within layouts/application
  Rendered pages/index.html.erb within layouts/application (0.4ms)
  Rendered layouts/_navbar.html.erb (1.5ms)
  Rendered layouts/_footer.html.erb (0.3ms)
Completed 200 OK in 98ms (Views: 97.0ms)


Started GET "/" for 127.0.0.1 at 2017-08-21 19:21:12 -0400
Processing by PagesController#index as HTML
  Rendering pages/index.html.erb within layouts/application
  Rendered pages/index.html.erb within layouts/application (0.3ms)
  Rendered layouts/_navbar.html.erb (1.2ms)
  Rendered layouts/_footer.html.erb (0.5ms)
Completed 200 OK in 2181ms (Views: 2177.8ms)


Started GET "/" for 127.0.0.1 at 2017-08-21 19:21:48 -0400
Processing by PagesController#index as HTML
  Rendering pages/index.html.erb within layouts/application
  Rendered pages/index.html.erb within layouts/application (0.3ms)
  Rendered layouts/_navbar.html.erb (2.0ms)
  Rendered layouts/_footer.html.erb (0.6ms)
Completed 200 OK in 2017ms (Views: 2015.8ms)


Started GET "/" for 127.0.0.1 at 2017-08-21 19:22:05 -0400
Processing by PagesController#index as HTML
  Rendering pages/index.html.erb within layouts/application
  Rendered pages/index.html.erb within layouts/application (0.3ms)
  Rendered layouts/_navbar.html.erb (1.7ms)
  Rendered layouts/_footer.html.erb (0.5ms)
Completed 200 OK in 1986ms (Views: 1984.8ms)


Started GET "/" for 127.0.0.1 at 2017-08-21 19:22:28 -0400
Processing by PagesController#index as HTML
  Rendering pages/index.html.erb within layouts/application
  Rendered pages/index.html.erb within layouts/application (0.4ms)
  Rendered layouts/_navbar.html.erb (1.7ms)
  Rendered layouts/_footer.html.erb (0.3ms)
Completed 200 OK in 2309ms (Views: 2306.4ms)


Started GET "/" for 127.0.0.1 at 2017-08-21 19:22:37 -0400
Processing by PagesController#index as HTML
  Rendering pages/index.html.erb within layouts/application
  Rendered pages/index.html.erb within layouts/application (0.4ms)
Completed 500 Internal Server Error in 671ms


  
ActionView::Template::Error (wrong number of arguments (3 for 4) for `rgba'):
    4:     <title>MobileTest</title>
    5:     <%= csrf_meta_tags %>
    6: 
    7:     <%= stylesheet_link_tag    'application', media: 'all', 'data-turbolinks-track': 'reload' %>
    8:     <%= javascript_include_tag 'application', 'data-turbolinks-track': 'reload' %>
    9:     <meta name="viewport" content="width=device-width, initial-scale=1.0">
   10:   </head>
  
app/assets/stylesheets/base.scss:20
app/assets/stylesheets/application.scss:13
app/views/layouts/application.html.erb:7:in `_app_views_layouts_application_html_erb__3613403539753504848_70302195985500'
Started GET "/" for 127.0.0.1 at 2017-08-21 19:22:51 -0400
Processing by PagesController#index as HTML
  Rendering pages/index.html.erb within layouts/application
  Rendered pages/index.html.erb within layouts/application (0.4ms)
  Rendered layouts/_navbar.html.erb (1.8ms)
  Rendered layouts/_footer.html.erb (0.3ms)
Completed 200 OK in 2045ms (Views: 2042.6ms)


Started GET "/" for 127.0.0.1 at 2017-08-21 19:23:02 -0400
Processing by PagesController#index as HTML
  Rendering pages/index.html.erb within layouts/application
  Rendered pages/index.html.erb within layouts/application (0.3ms)
  Rendered layouts/_navbar.html.erb (1.4ms)
  Rendered layouts/_footer.html.erb (0.4ms)
Completed 200 OK in 1995ms (Views: 1993.3ms)


Started GET "/" for 127.0.0.1 at 2017-08-21 19:23:12 -0400
Processing by PagesController#index as HTML
  Rendering pages/index.html.erb within layouts/application
  Rendered pages/index.html.erb within layouts/application (0.3ms)
  Rendered layouts/_navbar.html.erb (1.5ms)
  Rendered layouts/_footer.html.erb (0.6ms)
Completed 200 OK in 2031ms (Views: 2028.5ms)


Started GET "/" for 127.0.0.1 at 2017-08-21 19:23:19 -0400
Processing by PagesController#index as HTML
  Rendering pages/index.html.erb within layouts/application
  Rendered pages/index.html.erb within layouts/application (0.3ms)
  Rendered layouts/_navbar.html.erb (1.5ms)
  Rendered layouts/_footer.html.erb (0.5ms)
Completed 200 OK in 100ms (Views: 98.4ms)


Started GET "/" for 127.0.0.1 at 2017-08-21 19:23:36 -0400
Processing by PagesController#index as HTML
  Rendering pages/index.html.erb within layouts/application
  Rendered pages/index.html.erb within layouts/application (0.6ms)
  Rendered layouts/_navbar.html.erb (1.0ms)
  Rendered layouts/_footer.html.erb (0.3ms)
Completed 200 OK in 2056ms (Views: 2054.6ms)


Started GET "/" for 127.0.0.1 at 2017-08-21 19:23:46 -0400
Processing by PagesController#index as HTML
  Rendering pages/index.html.erb within layouts/application
  Rendered pages/index.html.erb within layouts/application (0.4ms)
  Rendered layouts/_navbar.html.erb (1.5ms)
  Rendered layouts/_footer.html.erb (0.7ms)
Completed 200 OK in 2004ms (Views: 2002.3ms)


Started GET "/" for 127.0.0.1 at 2017-08-21 19:23:54 -0400
Processing by PagesController#index as HTML
  Rendering pages/index.html.erb within layouts/application
  Rendered pages/index.html.erb within layouts/application (0.3ms)
  Rendered layouts/_navbar.html.erb (1.8ms)
  Rendered layouts/_footer.html.erb (0.6ms)
Completed 200 OK in 2002ms (Views: 2000.5ms)


Started GET "/" for 127.0.0.1 at 2017-08-21 19:24:29 -0400
Processing by PagesController#index as HTML
  Rendering pages/index.html.erb within layouts/application
  Rendered pages/index.html.erb within layouts/application (0.3ms)
  Rendered layouts/_navbar.html.erb (1.2ms)
  Rendered layouts/_footer.html.erb (0.3ms)
Completed 200 OK in 2070ms (Views: 2068.7ms)


Started GET "/" for 127.0.0.1 at 2017-08-21 19:24:54 -0400
Processing by PagesController#index as HTML
  Rendering pages/index.html.erb within layouts/application
  Rendered pages/index.html.erb within layouts/application (0.4ms)
  Rendered layouts/_navbar.html.erb (1.5ms)
  Rendered layouts/_footer.html.erb (0.5ms)
Completed 200 OK in 114ms (Views: 112.8ms)


Started GET "/" for 127.0.0.1 at 2017-08-21 19:25:10 -0400
Processing by PagesController#index as HTML
  Rendering pages/index.html.erb within layouts/application
  Rendered pages/index.html.erb within layouts/application (0.3ms)
  Rendered layouts/_navbar.html.erb (2.5ms)
  Rendered layouts/_footer.html.erb (0.6ms)
Completed 200 OK in 2161ms (Views: 2159.2ms)


Started GET "/" for 127.0.0.1 at 2017-08-21 19:25:22 -0400
Processing by PagesController#index as HTML
  Rendering pages/index.html.erb within layouts/application
  Rendered pages/index.html.erb within layouts/application (0.5ms)
  Rendered layouts/_navbar.html.erb (1.4ms)
  Rendered layouts/_footer.html.erb (0.5ms)
Completed 200 OK in 2012ms (Views: 2010.8ms)


Started GET "/" for 127.0.0.1 at 2017-08-21 19:25:31 -0400
Processing by PagesController#index as HTML
  Rendering pages/index.html.erb within layouts/application
  Rendered pages/index.html.erb within layouts/application (0.3ms)
  Rendered layouts/_navbar.html.erb (1.5ms)
  Rendered layouts/_footer.html.erb (0.6ms)
Completed 200 OK in 2035ms (Views: 2033.7ms)


Started GET "/" for 127.0.0.1 at 2017-08-21 19:25:36 -0400
Processing by PagesController#index as HTML
  Rendering pages/index.html.erb within layouts/application
  Rendered pages/index.html.erb within layouts/application (0.5ms)
  Rendered layouts/_navbar.html.erb (1.9ms)
  Rendered layouts/_footer.html.erb (0.6ms)
Completed 200 OK in 102ms (Views: 99.4ms)


Started GET "/" for 127.0.0.1 at 2017-08-21 19:25:53 -0400
Processing by PagesController#index as HTML
  Rendering pages/index.html.erb within layouts/application
  Rendered pages/index.html.erb within layouts/application (0.4ms)
  Rendered layouts/_navbar.html.erb (1.7ms)
  Rendered layouts/_footer.html.erb (0.5ms)
Completed 200 OK in 2003ms (Views: 2001.6ms)


Started GET "/" for 127.0.0.1 at 2017-08-21 19:26:14 -0400
Processing by PagesController#index as HTML
  Rendering pages/index.html.erb within layouts/application
  Rendered pages/index.html.erb within layouts/application (0.6ms)
  Rendered layouts/_navbar.html.erb (1.1ms)
  Rendered layouts/_footer.html.erb (0.6ms)
Completed 200 OK in 113ms (Views: 111.5ms)


Started GET "/" for 127.0.0.1 at 2017-08-21 19:26:43 -0400
Processing by PagesController#index as HTML
  Rendering pages/index.html.erb within layouts/application
  Rendered pages/index.html.erb within layouts/application (0.4ms)
  Rendered layouts/_navbar.html.erb (1.9ms)
  Rendered layouts/_footer.html.erb (0.5ms)
Completed 200 OK in 2010ms (Views: 2007.4ms)


Started GET "/" for 127.0.0.1 at 2017-08-21 19:27:42 -0400
Processing by PagesController#index as HTML
  Rendering pages/index.html.erb within layouts/application
  Rendered pages/index.html.erb within layouts/application (0.6ms)
  Rendered layouts/_navbar.html.erb (1.5ms)
  Rendered layouts/_footer.html.erb (0.6ms)
Completed 200 OK in 1994ms (Views: 1992.3ms)


Started GET "/" for 127.0.0.1 at 2017-08-21 19:28:37 -0400
Processing by PagesController#index as HTML
  Rendering pages/index.html.erb within layouts/application
  Rendered pages/index.html.erb within layouts/application (0.4ms)
  Rendered layouts/_navbar.html.erb (1.1ms)
  Rendered layouts/_footer.html.erb (0.4ms)
Completed 200 OK in 2147ms (Views: 2144.8ms)


Started GET "/" for 127.0.0.1 at 2017-08-21 19:28:51 -0400
Processing by PagesController#index as HTML
  Rendering pages/index.html.erb within layouts/application
  Rendered pages/index.html.erb within layouts/application (0.4ms)
  Rendered layouts/_navbar.html.erb (1.8ms)
  Rendered layouts/_footer.html.erb (0.6ms)
Completed 200 OK in 2004ms (Views: 2002.2ms)


Started GET "/" for 127.0.0.1 at 2017-08-21 19:29:34 -0400
Processing by PagesController#index as HTML
  Rendering pages/index.html.erb within layouts/application
  Rendered pages/index.html.erb within layouts/application (0.4ms)
  Rendered layouts/_navbar.html.erb (1.3ms)
  Rendered layouts/_footer.html.erb (0.5ms)
Completed 200 OK in 188ms (Views: 184.5ms)


Started GET "/" for 127.0.0.1 at 2017-08-21 19:29:40 -0400
Processing by PagesController#index as HTML
  Rendering pages/index.html.erb within layouts/application
  Rendered pages/index.html.erb within layouts/application (0.3ms)
  Rendered layouts/_navbar.html.erb (2.0ms)
  Rendered layouts/_footer.html.erb (0.4ms)
Completed 200 OK in 2380ms (Views: 2378.5ms)


Started GET "/" for 127.0.0.1 at 2017-08-21 19:30:05 -0400
Processing by PagesController#index as HTML
  Rendering pages/index.html.erb within layouts/application
  Rendered pages/index.html.erb within layouts/application (0.4ms)
  Rendered layouts/_navbar.html.erb (1.7ms)
  Rendered layouts/_footer.html.erb (0.5ms)
Completed 200 OK in 2196ms (Views: 2192.8ms)


Started GET "/" for 127.0.0.1 at 2017-08-21 19:30:19 -0400
Processing by PagesController#index as HTML
  Rendering pages/index.html.erb within layouts/application
  Rendered pages/index.html.erb within layouts/application (0.3ms)
  Rendered layouts/_navbar.html.erb (1.8ms)
  Rendered layouts/_footer.html.erb (0.6ms)
Completed 200 OK in 144ms (Views: 141.9ms)


Started GET "/" for 127.0.0.1 at 2017-08-21 19:30:24 -0400
Processing by PagesController#index as HTML
  Rendering pages/index.html.erb within layouts/application
  Rendered pages/index.html.erb within layouts/application (0.4ms)
  Rendered layouts/_navbar.html.erb (1.7ms)
  Rendered layouts/_footer.html.erb (22.6ms)
Completed 200 OK in 2170ms (Views: 2168.4ms)


Started GET "/" for 127.0.0.1 at 2017-08-21 19:30:40 -0400
Processing by PagesController#index as HTML
  Rendering pages/index.html.erb within layouts/application
  Rendered pages/index.html.erb within layouts/application (0.3ms)
  Rendered layouts/_navbar.html.erb (1.6ms)
  Rendered layouts/_footer.html.erb (0.5ms)
Completed 200 OK in 2219ms (Views: 2217.2ms)


Started GET "/" for 127.0.0.1 at 2017-08-21 19:30:53 -0400
Processing by PagesController#index as HTML
  Rendering pages/index.html.erb within layouts/application
  Rendered pages/index.html.erb within layouts/application (0.5ms)
  Rendered layouts/_navbar.html.erb (3.6ms)
  Rendered layouts/_footer.html.erb (0.3ms)
Completed 200 OK in 2209ms (Views: 2207.5ms)


Started GET "/" for 127.0.0.1 at 2017-08-21 19:31:05 -0400
Processing by PagesController#index as HTML
  Rendering pages/index.html.erb within layouts/application
  Rendered pages/index.html.erb within layouts/application (0.7ms)
  Rendered layouts/_navbar.html.erb (1.8ms)
  Rendered layouts/_footer.html.erb (0.5ms)
Completed 200 OK in 2198ms (Views: 2196.1ms)


Started GET "/" for 127.0.0.1 at 2017-08-21 19:31:27 -0400
Processing by PagesController#index as HTML
  Rendering pages/index.html.erb within layouts/application
  Rendered pages/index.html.erb within layouts/application (0.3ms)
  Rendered layouts/_navbar.html.erb (2.0ms)
  Rendered layouts/_footer.html.erb (0.6ms)
Completed 200 OK in 2352ms (Views: 2350.2ms)


Started GET "/" for 127.0.0.1 at 2017-08-21 19:32:01 -0400
Processing by PagesController#index as HTML
  Rendering pages/index.html.erb within layouts/application
  Rendered pages/index.html.erb within layouts/application (0.5ms)
  Rendered layouts/_navbar.html.erb (1.5ms)
  Rendered layouts/_footer.html.erb (0.4ms)
Completed 200 OK in 1978ms (Views: 1976.6ms)


Started GET "/" for 127.0.0.1 at 2017-08-21 19:34:14 -0400
Processing by PagesController#index as HTML
  Rendering pages/index.html.erb within layouts/application
  Rendered pages/index.html.erb within layouts/application (0.5ms)
  Rendered layouts/_navbar.html.erb (1.6ms)
  Rendered layouts/_footer.html.erb (0.4ms)
Completed 200 OK in 2279ms (Views: 2276.1ms)


Started GET "/" for 127.0.0.1 at 2017-08-21 19:34:34 -0400
Processing by PagesController#index as HTML
  Rendering pages/index.html.erb within layouts/application
  Rendered pages/index.html.erb within layouts/application (0.4ms)
  Rendered layouts/_navbar.html.erb (1.5ms)
  Rendered layouts/_footer.html.erb (0.4ms)
Completed 200 OK in 2274ms (Views: 2270.7ms)


Started GET "/" for 127.0.0.1 at 2017-08-21 19:35:03 -0400
Processing by PagesController#index as HTML
  Rendering pages/index.html.erb within layouts/application
  Rendered pages/index.html.erb within layouts/application (0.4ms)
  Rendered layouts/_navbar.html.erb (1.8ms)
  Rendered layouts/_footer.html.erb (0.6ms)
Completed 200 OK in 2082ms (Views: 2079.4ms)


Started GET "/" for 127.0.0.1 at 2017-08-21 19:38:00 -0400
Processing by PagesController#index as HTML
  Rendering pages/index.html.erb within layouts/application
  Rendered pages/index.html.erb within layouts/application (0.4ms)
  Rendered layouts/_navbar.html.erb (1.0ms)
  Rendered layouts/_footer.html.erb (0.4ms)
Completed 200 OK in 2175ms (Views: 2172.2ms)


Started GET "/" for 127.0.0.1 at 2017-08-21 19:38:39 -0400
Processing by PagesController#index as HTML
  Rendering pages/index.html.erb within layouts/application
  Rendered pages/index.html.erb within layouts/application (0.4ms)
  Rendered layouts/_navbar.html.erb (1.2ms)
  Rendered layouts/_footer.html.erb (0.5ms)
Completed 200 OK in 2073ms (Views: 2070.2ms)


Started GET "/" for 127.0.0.1 at 2017-08-21 19:38:50 -0400
Processing by PagesController#index as HTML
  Rendering pages/index.html.erb within layouts/application
  Rendered pages/index.html.erb within layouts/application (0.5ms)
  Rendered layouts/_navbar.html.erb (1.1ms)
  Rendered layouts/_footer.html.erb (0.4ms)
Completed 200 OK in 185ms (Views: 182.9ms)


Started GET "/" for 127.0.0.1 at 2017-08-21 19:42:49 -0400
Processing by PagesController#index as HTML
  Rendering pages/index.html.erb within layouts/application
  Rendered pages/index.html.erb within layouts/application (0.3ms)
  Rendered layouts/_navbar.html.erb (1.2ms)
  Rendered layouts/_footer.html.erb (0.3ms)
Completed 200 OK in 198ms (Views: 195.3ms)


Started GET "/" for 127.0.0.1 at 2017-08-21 19:43:36 -0400
Processing by PagesController#index as HTML
  Rendering pages/index.html.erb within layouts/application
  Rendered pages/index.html.erb within layouts/application (0.5ms)
  Rendered layouts/_navbar.html.erb (2.3ms)
  Rendered layouts/_footer.html.erb (0.4ms)
Completed 200 OK in 245ms (Views: 241.3ms)


Started GET "/" for 127.0.0.1 at 2017-08-21 19:47:05 -0400
Processing by PagesController#index as HTML
  Rendering pages/index.html.erb within layouts/application
  Rendered pages/index.html.erb within layouts/application (0.4ms)
  Rendered layouts/_navbar.html.erb (1.9ms)
  Rendered layouts/_footer.html.erb (0.7ms)
Completed 200 OK in 131ms (Views: 129.6ms)


Started GET "/" for 127.0.0.1 at 2017-08-21 19:47:09 -0400
Processing by PagesController#index as HTML
  Rendering pages/index.html.erb within layouts/application
  Rendered pages/index.html.erb within layouts/application (0.4ms)
  Rendered layouts/_navbar.html.erb (1.0ms)
  Rendered layouts/_footer.html.erb (0.4ms)
Completed 200 OK in 108ms (Views: 105.5ms)


Started GET "/" for 127.0.0.1 at 2017-08-21 19:47:10 -0400
Processing by PagesController#index as HTML
  Rendering pages/index.html.erb within layouts/application
  Rendered pages/index.html.erb within layouts/application (0.4ms)
  Rendered layouts/_navbar.html.erb (1.9ms)
  Rendered layouts/_footer.html.erb (0.6ms)
Completed 200 OK in 142ms (Views: 138.9ms)


Started GET "/" for 127.0.0.1 at 2017-08-21 19:53:37 -0400
Processing by PagesController#index as HTML
  Rendering pages/index.html.erb within layouts/application
  Rendered pages/index.html.erb within layouts/application (0.6ms)
  Rendered layouts/_navbar.html.erb (1.6ms)
  Rendered layouts/_footer.html.erb (0.6ms)
Completed 200 OK in 370ms (Views: 367.4ms)


Started GET "/" for 127.0.0.1 at 2017-08-21 19:53:37 -0400
Processing by PagesController#index as HTML
  Rendering pages/index.html.erb within layouts/application
  Rendered pages/index.html.erb within layouts/application (0.8ms)
  Rendered layouts/_navbar.html.erb (2.1ms)
  Rendered layouts/_footer.html.erb (0.5ms)
Completed 200 OK in 165ms (Views: 162.3ms)


Started GET "/" for 127.0.0.1 at 2017-08-21 19:59:39 -0400
Processing by PagesController#index as HTML
  Rendering pages/index.html.erb within layouts/application
  Rendered pages/index.html.erb within layouts/application (0.5ms)
  Rendered layouts/_navbar.html.erb (1.2ms)
  Rendered layouts/_footer.html.erb (0.7ms)
Completed 200 OK in 195ms (Views: 191.9ms)


Started GET "/" for 127.0.0.1 at 2017-08-21 19:59:42 -0400
Processing by PagesController#index as HTML
  Rendering pages/index.html.erb within layouts/application
  Rendered pages/index.html.erb within layouts/application (0.4ms)
  Rendered layouts/_navbar.html.erb (2.1ms)
  Rendered layouts/_footer.html.erb (0.5ms)
Completed 200 OK in 130ms (Views: 127.7ms)


Started GET "/" for 127.0.0.1 at 2017-08-21 20:00:55 -0400
Processing by PagesController#index as HTML
  Rendering pages/index.html.erb within layouts/application
  Rendered pages/index.html.erb within layouts/application (0.6ms)
  Rendered layouts/_navbar.html.erb (1.3ms)
  Rendered layouts/_footer.html.erb (0.3ms)
Completed 200 OK in 181ms (Views: 177.9ms)


Started GET "/" for 127.0.0.1 at 2017-08-21 20:01:11 -0400
Processing by PagesController#index as HTML
  Rendering pages/index.html.erb within layouts/application
  Rendered pages/index.html.erb within layouts/application (0.7ms)
  Rendered layouts/_navbar.html.erb (1.8ms)
  Rendered layouts/_footer.html.erb (0.6ms)
Completed 200 OK in 123ms (Views: 121.2ms)


Started GET "/" for 127.0.0.1 at 2017-08-21 20:01:37 -0400
Processing by PagesController#index as HTML
  Rendering pages/index.html.erb within layouts/application
  Rendered pages/index.html.erb within layouts/application (0.4ms)
  Rendered layouts/_navbar.html.erb (1.7ms)
  Rendered layouts/_footer.html.erb (0.5ms)
Completed 200 OK in 119ms (Views: 117.4ms)


Started GET "/" for 127.0.0.1 at 2017-08-21 20:06:39 -0400
Processing by PagesController#index as HTML
  Rendering pages/index.html.erb within layouts/application
  Rendered pages/index.html.erb within layouts/application (0.3ms)
  Rendered layouts/_navbar.html.erb (1.3ms)
  Rendered layouts/_footer.html.erb (0.6ms)
Completed 200 OK in 200ms (Views: 198.0ms)


Started GET "/pages/about" for 127.0.0.1 at 2017-08-21 20:06:41 -0400
Processing by PagesController#about as HTML
  Rendering pages/about.html.erb within layouts/application
  Rendered pages/about.html.erb within layouts/application (0.6ms)
  Rendered layouts/_navbar.html.erb (2.0ms)
  Rendered layouts/_footer.html.erb (0.6ms)
Completed 200 OK in 160ms (Views: 156.2ms)


Started GET "/pages/services" for 127.0.0.1 at 2017-08-21 20:06:42 -0400
Processing by PagesController#services as HTML
  Rendering pages/services.html.erb within layouts/application
  Rendered pages/services.html.erb within layouts/application (0.4ms)
  Rendered layouts/_navbar.html.erb (2.1ms)
  Rendered layouts/_footer.html.erb (0.6ms)
Completed 200 OK in 159ms (Views: 154.7ms)


Started GET "/pages/contact" for 127.0.0.1 at 2017-08-21 20:06:43 -0400
Processing by PagesController#contact as HTML
  Rendering pages/contact.html.erb within layouts/application
  Rendered pages/contact.html.erb within layouts/application (0.4ms)
  Rendered layouts/_navbar.html.erb (0.9ms)
  Rendered layouts/_footer.html.erb (0.3ms)
Completed 200 OK in 115ms (Views: 111.1ms)


Started GET "/" for 127.0.0.1 at 2017-08-21 20:06:46 -0400
Processing by PagesController#index as HTML
  Rendering pages/index.html.erb within layouts/application
  Rendered pages/index.html.erb within layouts/application (0.4ms)
  Rendered layouts/_navbar.html.erb (1.0ms)
  Rendered layouts/_footer.html.erb (0.5ms)
Completed 200 OK in 115ms (Views: 111.2ms)


